XDG_VTNR=1
CSF_XmlOcafResource=/opt/opencascade/src/XmlOcafResource
SSH_AGENT_PID=753
XDG_SESSION_ID=c1
GLADE_PIXMAP_PATH=:
ANDROID_HOME=/opt/android-sdk
TERM=xterm
SHELL=/bin/bash
XDG_MENU_PREFIX=xfce-
CSF_StandardDefaults=/opt/opencascade/src/StdResource
ANDROID_SWT=/usr/share/java
CSF_XSMessage=/opt/opencascade/src/XSMessage
WINDOWID=44040196
OLDPWD=/home/marschmidt/cm_s9512/kernel/lenovo
CROSSCOMPILE=/home/marschmidt/Programming/Android/CyanogenMod/S9512/system/kernel/toolchains-Doomlord/arm-eabi-linaro-4.6.2/bin/arm-eabi-
USER=marschmidt
CSF_StandardLiteDefaults=/opt/opencascade/src/StdResource
LD_LIBRARY_PATH=/opt/opencascade/lib
CASROOT=/opt/opencascade
GLADE_MODULE_PATH=:
SSH_AUTH_SOCK=/tmp/ssh-McfLSX0cymRG/agent.752
CSF_UnitsDefinition=/opt/opencascade/src/UnitsAPI/Units.dat
SESSION_MANAGER=local/MSArch:@/tmp/.ICE-unix/746,unix/MSArch:/tmp/.ICE-unix/746
MAVEN_OPTS=-Xmx512m
MOZ_PLUGIN_PATH=/usr/lib/mozilla/plugins
CSF_STEPDefaults=/opt/opencascade/src/XSTEPResource
XDG_CONFIG_DIRS=/etc/xdg
PATH=/usr/lib/hardening-wrapper/bin:/usr/local/sbin:/usr/local/bin:/usr/bin:/home/marschmidt/Programming/Android/CyanogenMod/S9512/system/out/host/linux-x86/bin:/opt/android-sdk/platform-tools:/opt/android-sdk/tools:/usr/lib/jvm/default/bin:/opt/opencascade/bin:/usr/bin/site_perl:/usr/bin/vendor_perl:/usr/bin/core_perl
MAIL=/var/spool/mail/marschmidt
DESKTOP_SESSION=Xfce Session
MMGT_CLEAR=1
CSF_IGESDefaults=/opt/opencascade/src/XSTEPResource
LC_MESSAGES=de_DE.UTF-8
PWD=/home/marschmidt/cm_s9512/kernel/lenovo/ideatab_s2109
CSF_GraphicShr=/opt/opencascade/lib/libTKOpenGl.so
CSF_EXCEPTION_PROMPT=1
CSF_PluginDefaults=/opt/opencascade/src/StdResource
LANG=de_DE.UTF-8
CSF_LANGUAGE=us
XDG_SEAT=seat0
HOME=/home/marschmidt
SHLVL=2
LANGUAGE=de_DE.UTF-8
CSF_UnitsLexicon=/opt/opencascade/src/UnitsAPI/Lexi_Expr.dat
LOGNAME=marschmidt
XDG_DATA_DIRS=/usr/local/share:/usr/share
DBUS_SESSION_BUS_ADDRESS=unix:path=/run/user/1000/bus
CSF_XCAFDefaults=/opt/opencascade/src/StdResource
ARCH=arm
XDG_RUNTIME_DIR=/run/user/1000
DISPLAY=:0.0
GLADE_CATALOG_PATH=:
CSF_MDTVTexturesDirectory=/opt/opencascade/src/Textures
XDG_CURRENT_DESKTOP=XFCE
CSF_SHMessage=/opt/opencascade/src/SHMessage
COLORTERM=xfce4-terminal
XAUTHORITY=/home/marschmidt/.Xauthority
_=/usr/bin/env
